 _____               __        __    _____ 
|  ___|   _ ________ \ \      / /_ _|  ___|
| |_ | | | |_  /_  /  \ \ /\ / / _` | |_   
|  _|| |_| |/ / / /    \ V  V / (_| |  _|  
|_|   \__,_/___/___|    \_/\_/ \__,_|_|   



[*]payloads1 -> http://192.168.1.106/t1.php?id='
Error1 ->  Traceback (most recent call last):
  File "main.py", line 350, in collect_waf_page
    r = self.req_(urls)
  File "main.py", line 93, in req_
    r = r.content.decode(encodes)
TypeError: decode() argument 1 must be str, not None

Error2 ->  Traceback (most recent call last):
  File "main.py", line 350, in collect_waf_page
    r = self.req_(urls)
  File "main.py", line 93, in req_
    r = r.content.decode(encodes)
TypeError: decode() argument 1 must be str, not None

During handling of the above exception, another exception occurred:

Traceback (most recent call last):
  File "main.py", line 364, in collect_waf_page
    urls = url1 + pars + payloads
TypeError: can only concatenate list (not "str") to list

[-]不存在注入点 | payloads -> http://192.168.1.106/t1.php?id=1
